04-09 16:02 TARGCN_2024_04_09_16_02_22 INFO     {'score_func': 'distmult', 'num_epoch': 100, 'batch_size': 2048, 'embsize': 300, 'test_step': 1, 'test': False, 'lr': 0.001, 'lr_decay_step': 30, 'gamma': 0.8, 'weight_decay': 0.0, 'device': 'cuda:0', 'dataset': 'ICEWS14', 'dropout': 0.3, 'shuffle': True, 'resume': False, 'name': 'TARGCN_2024_04_09_16_02_22', 'activation': 'relu', 'weight_factor': 2, 'seed': 0, 'num_neighbors': 100, 'step': 1}
04-09 16:02 TARGCN_2024_04_09_16_02_22 INFO     Epoch 1: 17.03608512878418 Time: 0.8835656642913818
04-09 16:03 TARGCN_2024_04_09_16_02_22 INFO     evaluation time: 67.57527184486389
04-09 16:03 TARGCN_2024_04_09_16_02_22 INFO     ===========RAW===========
04-09 16:03 TARGCN_2024_04_09_16_02_22 INFO     Epoch 1, HITS10 0.00235
04-09 16:03 TARGCN_2024_04_09_16_02_22 INFO     Epoch 1, HITS3 0.00078
04-09 16:03 TARGCN_2024_04_09_16_02_22 INFO     Epoch 1, HITS1 0.00039
04-09 16:03 TARGCN_2024_04_09_16_02_22 INFO     Epoch 1, MRR 0.00178
04-09 16:03 TARGCN_2024_04_09_16_02_22 INFO     Epoch 1, MAR 3514.9117
04-09 16:03 TARGCN_2024_04_09_16_02_22 INFO     =====TIME DEP FILTER=====
04-09 16:03 TARGCN_2024_04_09_16_02_22 INFO     Epoch 1, HITS10 0.00235
04-09 16:03 TARGCN_2024_04_09_16_02_22 INFO     Epoch 1, HITS3 0.00078
04-09 16:03 TARGCN_2024_04_09_16_02_22 INFO     Epoch 1, HITS1 0.00039
04-09 16:03 TARGCN_2024_04_09_16_02_22 INFO     Epoch 1, MRR 0.00178
04-09 16:03 TARGCN_2024_04_09_16_02_22 INFO     Epoch 1, MAR 3514.88217
04-09 16:03 TARGCN_2024_04_09_16_02_22 INFO     ====TIME INDEP FILTER====
04-09 16:03 TARGCN_2024_04_09_16_02_22 INFO     Epoch 1, HITS10 0.00235
04-09 16:03 TARGCN_2024_04_09_16_02_22 INFO     Epoch 1, HITS3 0.00078
04-09 16:03 TARGCN_2024_04_09_16_02_22 INFO     Epoch 1, HITS1 0.00039
04-09 16:03 TARGCN_2024_04_09_16_02_22 INFO     Epoch 1, MRR 0.00178
04-09 16:03 TARGCN_2024_04_09_16_02_22 INFO     Epoch 1, MAR 3512.06431
04-09 16:03 TARGCN_2024_04_09_16_02_22 INFO     ========BEST MRR=========
04-09 16:03 TARGCN_2024_04_09_16_02_22 INFO     Epoch 1, MRR 0.00178
04-09 16:03 TARGCN_2024_04_09_16_02_22 INFO     Epoch 2: 2.1998584270477295 Time: 0.19494032859802246
04-09 16:04 TARGCN_2024_04_09_16_02_22 INFO     evaluation time: 65.97643995285034
04-09 16:04 TARGCN_2024_04_09_16_02_22 INFO     ===========RAW===========
04-09 16:04 TARGCN_2024_04_09_16_02_22 INFO     Epoch 2, HITS10 0.00313
04-09 16:04 TARGCN_2024_04_09_16_02_22 INFO     Epoch 2, HITS3 0.00218
04-09 16:04 TARGCN_2024_04_09_16_02_22 INFO     Epoch 2, HITS1 0.00101
04-09 16:04 TARGCN_2024_04_09_16_02_22 INFO     Epoch 2, MRR 0.00261
04-09 16:04 TARGCN_2024_04_09_16_02_22 INFO     Epoch 2, MAR 3503.86327
04-09 16:04 TARGCN_2024_04_09_16_02_22 INFO     =====TIME DEP FILTER=====
04-09 16:04 TARGCN_2024_04_09_16_02_22 INFO     Epoch 2, HITS10 0.00313
04-09 16:04 TARGCN_2024_04_09_16_02_22 INFO     Epoch 2, HITS3 0.00218
04-09 16:04 TARGCN_2024_04_09_16_02_22 INFO     Epoch 2, HITS1 0.00101
04-09 16:04 TARGCN_2024_04_09_16_02_22 INFO     Epoch 2, MRR 0.00261
04-09 16:04 TARGCN_2024_04_09_16_02_22 INFO     Epoch 2, MAR 3503.83318
04-09 16:04 TARGCN_2024_04_09_16_02_22 INFO     ====TIME INDEP FILTER====
04-09 16:04 TARGCN_2024_04_09_16_02_22 INFO     Epoch 2, HITS10 0.00313
04-09 16:04 TARGCN_2024_04_09_16_02_22 INFO     Epoch 2, HITS3 0.00218
04-09 16:04 TARGCN_2024_04_09_16_02_22 INFO     Epoch 2, HITS1 0.00101
04-09 16:04 TARGCN_2024_04_09_16_02_22 INFO     Epoch 2, MRR 0.00261
04-09 16:04 TARGCN_2024_04_09_16_02_22 INFO     Epoch 2, MAR 3501.03333
04-09 16:04 TARGCN_2024_04_09_16_02_22 INFO     ========BEST MRR=========
04-09 16:04 TARGCN_2024_04_09_16_02_22 INFO     Epoch 2, MRR 0.00261
04-09 16:04 TARGCN_2024_04_09_16_02_22 INFO     Epoch 3: 0.267983615398407 Time: 0.21494030952453613
04-09 16:05 TARGCN_2024_04_09_16_02_22 INFO     evaluation time: 69.29186224937439
04-09 16:05 TARGCN_2024_04_09_16_02_22 INFO     ===========RAW===========
04-09 16:05 TARGCN_2024_04_09_16_02_22 INFO     Epoch 3, HITS10 0.00319
04-09 16:05 TARGCN_2024_04_09_16_02_22 INFO     Epoch 3, HITS3 0.00218
04-09 16:05 TARGCN_2024_04_09_16_02_22 INFO     Epoch 3, HITS1 0.0014
04-09 16:05 TARGCN_2024_04_09_16_02_22 INFO     Epoch 3, MRR 0.00295
04-09 16:05 TARGCN_2024_04_09_16_02_22 INFO     Epoch 3, MAR 3495.26876
04-09 16:05 TARGCN_2024_04_09_16_02_22 INFO     =====TIME DEP FILTER=====
04-09 16:05 TARGCN_2024_04_09_16_02_22 INFO     Epoch 3, HITS10 0.00319
04-09 16:05 TARGCN_2024_04_09_16_02_22 INFO     Epoch 3, HITS3 0.00218
04-09 16:05 TARGCN_2024_04_09_16_02_22 INFO     Epoch 3, HITS1 0.0014
04-09 16:05 TARGCN_2024_04_09_16_02_22 INFO     Epoch 3, MRR 0.00295
04-09 16:05 TARGCN_2024_04_09_16_02_22 INFO     Epoch 3, MAR 3495.23868
04-09 16:05 TARGCN_2024_04_09_16_02_22 INFO     ====TIME INDEP FILTER====
04-09 16:05 TARGCN_2024_04_09_16_02_22 INFO     Epoch 3, HITS10 0.00319
04-09 16:05 TARGCN_2024_04_09_16_02_22 INFO     Epoch 3, HITS3 0.00218
04-09 16:05 TARGCN_2024_04_09_16_02_22 INFO     Epoch 3, HITS1 0.0014
04-09 16:05 TARGCN_2024_04_09_16_02_22 INFO     Epoch 3, MRR 0.00295
04-09 16:05 TARGCN_2024_04_09_16_02_22 INFO     Epoch 3, MAR 3492.43793
04-09 16:05 TARGCN_2024_04_09_16_02_22 INFO     ========BEST MRR=========
04-09 16:05 TARGCN_2024_04_09_16_02_22 INFO     Epoch 3, MRR 0.00295
04-09 16:05 TARGCN_2024_04_09_16_02_22 INFO     Epoch 4: 0.12413618713617325 Time: 0.2164750099182129
04-09 16:07 TARGCN_2024_04_09_16_02_22 INFO     evaluation time: 71.75838017463684
04-09 16:07 TARGCN_2024_04_09_16_02_22 INFO     ===========RAW===========
04-09 16:07 TARGCN_2024_04_09_16_02_22 INFO     Epoch 4, HITS10 0.00319
04-09 16:07 TARGCN_2024_04_09_16_02_22 INFO     Epoch 4, HITS3 0.00229
04-09 16:07 TARGCN_2024_04_09_16_02_22 INFO     Epoch 4, HITS1 0.00185
04-09 16:07 TARGCN_2024_04_09_16_02_22 INFO     Epoch 4, MRR 0.00321
04-09 16:07 TARGCN_2024_04_09_16_02_22 INFO     Epoch 4, MAR 3500.00179
04-09 16:07 TARGCN_2024_04_09_16_02_22 INFO     =====TIME DEP FILTER=====
04-09 16:07 TARGCN_2024_04_09_16_02_22 INFO     Epoch 4, HITS10 0.00319
04-09 16:07 TARGCN_2024_04_09_16_02_22 INFO     Epoch 4, HITS3 0.00229
04-09 16:07 TARGCN_2024_04_09_16_02_22 INFO     Epoch 4, HITS1 0.00185
04-09 16:07 TARGCN_2024_04_09_16_02_22 INFO     Epoch 4, MRR 0.00321
04-09 16:07 TARGCN_2024_04_09_16_02_22 INFO     Epoch 4, MAR 3499.97232
04-09 16:07 TARGCN_2024_04_09_16_02_22 INFO     ====TIME INDEP FILTER====
04-09 16:07 TARGCN_2024_04_09_16_02_22 INFO     Epoch 4, HITS10 0.00319
04-09 16:07 TARGCN_2024_04_09_16_02_22 INFO     Epoch 4, HITS3 0.00229
04-09 16:07 TARGCN_2024_04_09_16_02_22 INFO     Epoch 4, HITS1 0.00185
04-09 16:07 TARGCN_2024_04_09_16_02_22 INFO     Epoch 4, MRR 0.00321
04-09 16:07 TARGCN_2024_04_09_16_02_22 INFO     Epoch 4, MAR 3497.16844
04-09 16:07 TARGCN_2024_04_09_16_02_22 INFO     ========BEST MRR=========
04-09 16:07 TARGCN_2024_04_09_16_02_22 INFO     Epoch 4, MRR 0.00321
04-09 16:07 TARGCN_2024_04_09_16_02_22 INFO     Epoch 5: 0.00027612358098849654 Time: 0.19510531425476074
04-09 16:08 TARGCN_2024_04_09_16_02_22 INFO     evaluation time: 88.41830706596375
04-09 16:08 TARGCN_2024_04_09_16_02_22 INFO     ===========RAW===========
04-09 16:08 TARGCN_2024_04_09_16_02_22 INFO     Epoch 5, HITS10 0.00358
04-09 16:08 TARGCN_2024_04_09_16_02_22 INFO     Epoch 5, HITS3 0.00263
04-09 16:08 TARGCN_2024_04_09_16_02_22 INFO     Epoch 5, HITS1 0.0019
04-09 16:08 TARGCN_2024_04_09_16_02_22 INFO     Epoch 5, MRR 0.00333
04-09 16:08 TARGCN_2024_04_09_16_02_22 INFO     Epoch 5, MAR 3495.41332
04-09 16:08 TARGCN_2024_04_09_16_02_22 INFO     =====TIME DEP FILTER=====
04-09 16:08 TARGCN_2024_04_09_16_02_22 INFO     Epoch 5, HITS10 0.00358
04-09 16:08 TARGCN_2024_04_09_16_02_22 INFO     Epoch 5, HITS3 0.00263
04-09 16:08 TARGCN_2024_04_09_16_02_22 INFO     Epoch 5, HITS1 0.0019
04-09 16:08 TARGCN_2024_04_09_16_02_22 INFO     Epoch 5, MRR 0.00333
04-09 16:08 TARGCN_2024_04_09_16_02_22 INFO     Epoch 5, MAR 3495.38351
04-09 16:08 TARGCN_2024_04_09_16_02_22 INFO     ====TIME INDEP FILTER====
04-09 16:08 TARGCN_2024_04_09_16_02_22 INFO     Epoch 5, HITS10 0.00358
04-09 16:08 TARGCN_2024_04_09_16_02_22 INFO     Epoch 5, HITS3 0.00263
04-09 16:08 TARGCN_2024_04_09_16_02_22 INFO     Epoch 5, HITS1 0.0019
04-09 16:08 TARGCN_2024_04_09_16_02_22 INFO     Epoch 5, MRR 0.00333
04-09 16:08 TARGCN_2024_04_09_16_02_22 INFO     Epoch 5, MAR 3492.59853
04-09 16:08 TARGCN_2024_04_09_16_02_22 INFO     ========BEST MRR=========
04-09 16:08 TARGCN_2024_04_09_16_02_22 INFO     Epoch 5, MRR 0.00333
04-09 16:08 TARGCN_2024_04_09_16_02_22 INFO     Epoch 6: 7.069028652040288e-05 Time: 0.20508098602294922
04-09 16:09 TARGCN_2024_04_09_16_02_22 INFO     evaluation time: 65.67653322219849
04-09 16:09 TARGCN_2024_04_09_16_02_22 INFO     ===========RAW===========
04-09 16:09 TARGCN_2024_04_09_16_02_22 INFO     Epoch 6, HITS10 0.00431
04-09 16:09 TARGCN_2024_04_09_16_02_22 INFO     Epoch 6, HITS3 0.00252
04-09 16:09 TARGCN_2024_04_09_16_02_22 INFO     Epoch 6, HITS1 0.00196
04-09 16:09 TARGCN_2024_04_09_16_02_22 INFO     Epoch 6, MRR 0.00344
04-09 16:09 TARGCN_2024_04_09_16_02_22 INFO     Epoch 6, MAR 3499.88793
04-09 16:09 TARGCN_2024_04_09_16_02_22 INFO     =====TIME DEP FILTER=====
04-09 16:09 TARGCN_2024_04_09_16_02_22 INFO     Epoch 6, HITS10 0.00431
04-09 16:09 TARGCN_2024_04_09_16_02_22 INFO     Epoch 6, HITS3 0.00252
04-09 16:09 TARGCN_2024_04_09_16_02_22 INFO     Epoch 6, HITS1 0.00196
04-09 16:09 TARGCN_2024_04_09_16_02_22 INFO     Epoch 6, MRR 0.00344
04-09 16:09 TARGCN_2024_04_09_16_02_22 INFO     Epoch 6, MAR 3499.85857
04-09 16:09 TARGCN_2024_04_09_16_02_22 INFO     ====TIME INDEP FILTER====
04-09 16:09 TARGCN_2024_04_09_16_02_22 INFO     Epoch 6, HITS10 0.00431
04-09 16:09 TARGCN_2024_04_09_16_02_22 INFO     Epoch 6, HITS3 0.00252
04-09 16:09 TARGCN_2024_04_09_16_02_22 INFO     Epoch 6, HITS1 0.00196
04-09 16:09 TARGCN_2024_04_09_16_02_22 INFO     Epoch 6, MRR 0.00344
04-09 16:09 TARGCN_2024_04_09_16_02_22 INFO     Epoch 6, MAR 3497.07466
04-09 16:09 TARGCN_2024_04_09_16_02_22 INFO     ========BEST MRR=========
04-09 16:09 TARGCN_2024_04_09_16_02_22 INFO     Epoch 6, MRR 0.00344
04-09 16:09 TARGCN_2024_04_09_16_02_22 INFO     Epoch 7: 6.694004696328193e-05 Time: 0.21445679664611816
04-09 16:10 TARGCN_2024_04_09_16_02_22 INFO     evaluation time: 66.62675309181213
04-09 16:10 TARGCN_2024_04_09_16_02_22 INFO     ===========RAW===========
04-09 16:10 TARGCN_2024_04_09_16_02_22 INFO     Epoch 7, HITS10 0.00408
04-09 16:10 TARGCN_2024_04_09_16_02_22 INFO     Epoch 7, HITS3 0.00252
04-09 16:10 TARGCN_2024_04_09_16_02_22 INFO     Epoch 7, HITS1 0.00196
04-09 16:10 TARGCN_2024_04_09_16_02_22 INFO     Epoch 7, MRR 0.00347
04-09 16:10 TARGCN_2024_04_09_16_02_22 INFO     Epoch 7, MAR 3498.34314
04-09 16:10 TARGCN_2024_04_09_16_02_22 INFO     =====TIME DEP FILTER=====
04-09 16:10 TARGCN_2024_04_09_16_02_22 INFO     Epoch 7, HITS10 0.00408
04-09 16:10 TARGCN_2024_04_09_16_02_22 INFO     Epoch 7, HITS3 0.00252
04-09 16:10 TARGCN_2024_04_09_16_02_22 INFO     Epoch 7, HITS1 0.00196
04-09 16:10 TARGCN_2024_04_09_16_02_22 INFO     Epoch 7, MRR 0.00347
04-09 16:10 TARGCN_2024_04_09_16_02_22 INFO     Epoch 7, MAR 3498.31361
04-09 16:10 TARGCN_2024_04_09_16_02_22 INFO     ====TIME INDEP FILTER====
04-09 16:10 TARGCN_2024_04_09_16_02_22 INFO     Epoch 7, HITS10 0.00408
04-09 16:10 TARGCN_2024_04_09_16_02_22 INFO     Epoch 7, HITS3 0.00252
04-09 16:10 TARGCN_2024_04_09_16_02_22 INFO     Epoch 7, HITS1 0.00196
04-09 16:10 TARGCN_2024_04_09_16_02_22 INFO     Epoch 7, MRR 0.00347
04-09 16:10 TARGCN_2024_04_09_16_02_22 INFO     Epoch 7, MAR 3495.52746
04-09 16:10 TARGCN_2024_04_09_16_02_22 INFO     ========BEST MRR=========
04-09 16:10 TARGCN_2024_04_09_16_02_22 INFO     Epoch 7, MRR 0.00347
04-09 16:10 TARGCN_2024_04_09_16_02_22 INFO     Epoch 8: 9.947230864781886e-05 Time: 0.2003316879272461
04-09 16:12 TARGCN_2024_04_09_16_02_22 INFO     evaluation time: 83.61378955841064
04-09 16:12 TARGCN_2024_04_09_16_02_22 INFO     ===========RAW===========
04-09 16:12 TARGCN_2024_04_09_16_02_22 INFO     Epoch 8, HITS10 0.00431
04-09 16:12 TARGCN_2024_04_09_16_02_22 INFO     Epoch 8, HITS3 0.00246
04-09 16:12 TARGCN_2024_04_09_16_02_22 INFO     Epoch 8, HITS1 0.00196
04-09 16:12 TARGCN_2024_04_09_16_02_22 INFO     Epoch 8, MRR 0.00349
04-09 16:12 TARGCN_2024_04_09_16_02_22 INFO     Epoch 8, MAR 3494.63153
04-09 16:12 TARGCN_2024_04_09_16_02_22 INFO     =====TIME DEP FILTER=====
04-09 16:12 TARGCN_2024_04_09_16_02_22 INFO     Epoch 8, HITS10 0.00431
04-09 16:12 TARGCN_2024_04_09_16_02_22 INFO     Epoch 8, HITS3 0.00246
04-09 16:12 TARGCN_2024_04_09_16_02_22 INFO     Epoch 8, HITS1 0.00196
04-09 16:12 TARGCN_2024_04_09_16_02_22 INFO     Epoch 8, MRR 0.00349
04-09 16:12 TARGCN_2024_04_09_16_02_22 INFO     Epoch 8, MAR 3494.602
04-09 16:12 TARGCN_2024_04_09_16_02_22 INFO     ====TIME INDEP FILTER====
04-09 16:12 TARGCN_2024_04_09_16_02_22 INFO     Epoch 8, HITS10 0.00431
04-09 16:12 TARGCN_2024_04_09_16_02_22 INFO     Epoch 8, HITS3 0.00246
04-09 16:12 TARGCN_2024_04_09_16_02_22 INFO     Epoch 8, HITS1 0.00196
04-09 16:12 TARGCN_2024_04_09_16_02_22 INFO     Epoch 8, MRR 0.00349
04-09 16:12 TARGCN_2024_04_09_16_02_22 INFO     Epoch 8, MAR 3491.81926
04-09 16:12 TARGCN_2024_04_09_16_02_22 INFO     ========BEST MRR=========
04-09 16:12 TARGCN_2024_04_09_16_02_22 INFO     Epoch 8, MRR 0.00349
04-09 16:12 TARGCN_2024_04_09_16_02_22 INFO     Epoch 9: 0.00019109358254354447 Time: 0.19737648963928223
04-09 16:13 TARGCN_2024_04_09_16_02_22 INFO     evaluation time: 85.31326818466187
04-09 16:13 TARGCN_2024_04_09_16_02_22 INFO     ===========RAW===========
04-09 16:13 TARGCN_2024_04_09_16_02_22 INFO     Epoch 9, HITS10 0.00436
04-09 16:13 TARGCN_2024_04_09_16_02_22 INFO     Epoch 9, HITS3 0.00252
04-09 16:13 TARGCN_2024_04_09_16_02_22 INFO     Epoch 9, HITS1 0.0019
04-09 16:13 TARGCN_2024_04_09_16_02_22 INFO     Epoch 9, MRR 0.00351
04-09 16:13 TARGCN_2024_04_09_16_02_22 INFO     Epoch 9, MAR 3495.08221
04-09 16:13 TARGCN_2024_04_09_16_02_22 INFO     =====TIME DEP FILTER=====
04-09 16:13 TARGCN_2024_04_09_16_02_22 INFO     Epoch 9, HITS10 0.00436
04-09 16:13 TARGCN_2024_04_09_16_02_22 INFO     Epoch 9, HITS3 0.00252
04-09 16:13 TARGCN_2024_04_09_16_02_22 INFO     Epoch 9, HITS1 0.0019
04-09 16:13 TARGCN_2024_04_09_16_02_22 INFO     Epoch 9, MRR 0.00351
04-09 16:13 TARGCN_2024_04_09_16_02_22 INFO     Epoch 9, MAR 3495.05279
04-09 16:13 TARGCN_2024_04_09_16_02_22 INFO     ====TIME INDEP FILTER====
04-09 16:13 TARGCN_2024_04_09_16_02_22 INFO     Epoch 9, HITS10 0.00436
04-09 16:13 TARGCN_2024_04_09_16_02_22 INFO     Epoch 9, HITS3 0.00252
04-09 16:13 TARGCN_2024_04_09_16_02_22 INFO     Epoch 9, HITS1 0.0019
04-09 16:13 TARGCN_2024_04_09_16_02_22 INFO     Epoch 9, MRR 0.00351
04-09 16:13 TARGCN_2024_04_09_16_02_22 INFO     Epoch 9, MAR 3492.28369
04-09 16:13 TARGCN_2024_04_09_16_02_22 INFO     ========BEST MRR=========
04-09 16:13 TARGCN_2024_04_09_16_02_22 INFO     Epoch 9, MRR 0.00351
04-09 16:13 TARGCN_2024_04_09_16_02_22 INFO     Epoch 10: 0.0007284888415597379 Time: 0.1970505714416504
04-09 16:14 TARGCN_2024_04_09_16_02_22 INFO     evaluation time: 82.13540768623352
04-09 16:14 TARGCN_2024_04_09_16_02_22 INFO     ===========RAW===========
04-09 16:14 TARGCN_2024_04_09_16_02_22 INFO     Epoch 10, HITS10 0.00442
04-09 16:14 TARGCN_2024_04_09_16_02_22 INFO     Epoch 10, HITS3 0.0024
04-09 16:14 TARGCN_2024_04_09_16_02_22 INFO     Epoch 10, HITS1 0.00207
04-09 16:14 TARGCN_2024_04_09_16_02_22 INFO     Epoch 10, MRR 0.00357
04-09 16:14 TARGCN_2024_04_09_16_02_22 INFO     Epoch 10, MAR 3500.45543
04-09 16:14 TARGCN_2024_04_09_16_02_22 INFO     =====TIME DEP FILTER=====
04-09 16:14 TARGCN_2024_04_09_16_02_22 INFO     Epoch 10, HITS10 0.00442
04-09 16:14 TARGCN_2024_04_09_16_02_22 INFO     Epoch 10, HITS3 0.0024
04-09 16:14 TARGCN_2024_04_09_16_02_22 INFO     Epoch 10, HITS1 0.00207
04-09 16:14 TARGCN_2024_04_09_16_02_22 INFO     Epoch 10, MRR 0.00357
04-09 16:14 TARGCN_2024_04_09_16_02_22 INFO     Epoch 10, MAR 3500.42629
04-09 16:14 TARGCN_2024_04_09_16_02_22 INFO     ====TIME INDEP FILTER====
04-09 16:14 TARGCN_2024_04_09_16_02_22 INFO     Epoch 10, HITS10 0.00442
04-09 16:14 TARGCN_2024_04_09_16_02_22 INFO     Epoch 10, HITS3 0.0024
04-09 16:14 TARGCN_2024_04_09_16_02_22 INFO     Epoch 10, HITS1 0.00207
04-09 16:14 TARGCN_2024_04_09_16_02_22 INFO     Epoch 10, MRR 0.00357
04-09 16:14 TARGCN_2024_04_09_16_02_22 INFO     Epoch 10, MAR 3497.64104
04-09 16:14 TARGCN_2024_04_09_16_02_22 INFO     ========BEST MRR=========
04-09 16:14 TARGCN_2024_04_09_16_02_22 INFO     Epoch 10, MRR 0.00357
04-09 16:14 TARGCN_2024_04_09_16_02_22 INFO     Epoch 11: 0.0038442332297563553 Time: 0.195159912109375
04-09 16:15 TARGCN_2024_04_09_16_02_22 INFO     evaluation time: 60.17144322395325
04-09 16:15 TARGCN_2024_04_09_16_02_22 INFO     ===========RAW===========
04-09 16:15 TARGCN_2024_04_09_16_02_22 INFO     Epoch 11, HITS10 0.00431
04-09 16:15 TARGCN_2024_04_09_16_02_22 INFO     Epoch 11, HITS3 0.00235
04-09 16:15 TARGCN_2024_04_09_16_02_22 INFO     Epoch 11, HITS1 0.00213
04-09 16:15 TARGCN_2024_04_09_16_02_22 INFO     Epoch 11, MRR 0.00359
04-09 16:15 TARGCN_2024_04_09_16_02_22 INFO     Epoch 11, MAR 3501.47528
04-09 16:15 TARGCN_2024_04_09_16_02_22 INFO     =====TIME DEP FILTER=====
04-09 16:15 TARGCN_2024_04_09_16_02_22 INFO     Epoch 11, HITS10 0.00431
04-09 16:15 TARGCN_2024_04_09_16_02_22 INFO     Epoch 11, HITS3 0.00235
04-09 16:15 TARGCN_2024_04_09_16_02_22 INFO     Epoch 11, HITS1 0.00213
04-09 16:15 TARGCN_2024_04_09_16_02_22 INFO     Epoch 11, MRR 0.00359
04-09 16:15 TARGCN_2024_04_09_16_02_22 INFO     Epoch 11, MAR 3501.44637
04-09 16:15 TARGCN_2024_04_09_16_02_22 INFO     ====TIME INDEP FILTER====
04-09 16:15 TARGCN_2024_04_09_16_02_22 INFO     Epoch 11, HITS10 0.00431
04-09 16:15 TARGCN_2024_04_09_16_02_22 INFO     Epoch 11, HITS3 0.00235
04-09 16:15 TARGCN_2024_04_09_16_02_22 INFO     Epoch 11, HITS1 0.00213
04-09 16:15 TARGCN_2024_04_09_16_02_22 INFO     Epoch 11, MRR 0.00359
04-09 16:15 TARGCN_2024_04_09_16_02_22 INFO     Epoch 11, MAR 3498.65703
04-09 16:15 TARGCN_2024_04_09_16_02_22 INFO     ========BEST MRR=========
04-09 16:15 TARGCN_2024_04_09_16_02_22 INFO     Epoch 11, MRR 0.00359
04-09 16:15 TARGCN_2024_04_09_16_02_22 INFO     Epoch 12: 0.0023279553279280663 Time: 0.19551849365234375
04-09 16:16 TARGCN_2024_04_09_16_02_22 INFO     evaluation time: 46.6351842880249
04-09 16:16 TARGCN_2024_04_09_16_02_22 INFO     ===========RAW===========
04-09 16:16 TARGCN_2024_04_09_16_02_22 INFO     Epoch 12, HITS10 0.00442
04-09 16:16 TARGCN_2024_04_09_16_02_22 INFO     Epoch 12, HITS3 0.00246
04-09 16:16 TARGCN_2024_04_09_16_02_22 INFO     Epoch 12, HITS1 0.00207
04-09 16:16 TARGCN_2024_04_09_16_02_22 INFO     Epoch 12, MRR 0.0036
04-09 16:16 TARGCN_2024_04_09_16_02_22 INFO     Epoch 12, MAR 3499.73957
04-09 16:16 TARGCN_2024_04_09_16_02_22 INFO     =====TIME DEP FILTER=====
04-09 16:16 TARGCN_2024_04_09_16_02_22 INFO     Epoch 12, HITS10 0.00442
04-09 16:16 TARGCN_2024_04_09_16_02_22 INFO     Epoch 12, HITS3 0.00246
04-09 16:16 TARGCN_2024_04_09_16_02_22 INFO     Epoch 12, HITS1 0.00207
04-09 16:16 TARGCN_2024_04_09_16_02_22 INFO     Epoch 12, MRR 0.0036
04-09 16:16 TARGCN_2024_04_09_16_02_22 INFO     Epoch 12, MAR 3499.7106
04-09 16:16 TARGCN_2024_04_09_16_02_22 INFO     ====TIME INDEP FILTER====
04-09 16:16 TARGCN_2024_04_09_16_02_22 INFO     Epoch 12, HITS10 0.00442
04-09 16:16 TARGCN_2024_04_09_16_02_22 INFO     Epoch 12, HITS3 0.00246
04-09 16:16 TARGCN_2024_04_09_16_02_22 INFO     Epoch 12, HITS1 0.00207
04-09 16:16 TARGCN_2024_04_09_16_02_22 INFO     Epoch 12, MRR 0.0036
04-09 16:16 TARGCN_2024_04_09_16_02_22 INFO     Epoch 12, MAR 3496.92725
04-09 16:16 TARGCN_2024_04_09_16_02_22 INFO     ========BEST MRR=========
04-09 16:16 TARGCN_2024_04_09_16_02_22 INFO     Epoch 12, MRR 0.0036
04-09 16:16 TARGCN_2024_04_09_16_02_22 INFO     Epoch 13: 0.0005022402619943023 Time: 0.21292424201965332
04-09 16:17 TARGCN_2024_04_09_16_02_22 INFO     evaluation time: 45.305357933044434
04-09 16:17 TARGCN_2024_04_09_16_02_22 INFO     ===========RAW===========
04-09 16:17 TARGCN_2024_04_09_16_02_22 INFO     Epoch 13, HITS10 0.00459
04-09 16:17 TARGCN_2024_04_09_16_02_22 INFO     Epoch 13, HITS3 0.00252
04-09 16:17 TARGCN_2024_04_09_16_02_22 INFO     Epoch 13, HITS1 0.00218
04-09 16:17 TARGCN_2024_04_09_16_02_22 INFO     Epoch 13, MRR 0.00368
04-09 16:17 TARGCN_2024_04_09_16_02_22 INFO     Epoch 13, MAR 3499.30008
04-09 16:17 TARGCN_2024_04_09_16_02_22 INFO     =====TIME DEP FILTER=====
04-09 16:17 TARGCN_2024_04_09_16_02_22 INFO     Epoch 13, HITS10 0.00459
04-09 16:17 TARGCN_2024_04_09_16_02_22 INFO     Epoch 13, HITS3 0.00252
04-09 16:17 TARGCN_2024_04_09_16_02_22 INFO     Epoch 13, HITS1 0.00218
04-09 16:17 TARGCN_2024_04_09_16_02_22 INFO     Epoch 13, MRR 0.00368
04-09 16:17 TARGCN_2024_04_09_16_02_22 INFO     Epoch 13, MAR 3499.27094
04-09 16:17 TARGCN_2024_04_09_16_02_22 INFO     ====TIME INDEP FILTER====
04-09 16:17 TARGCN_2024_04_09_16_02_22 INFO     Epoch 13, HITS10 0.00459
04-09 16:17 TARGCN_2024_04_09_16_02_22 INFO     Epoch 13, HITS3 0.00252
04-09 16:17 TARGCN_2024_04_09_16_02_22 INFO     Epoch 13, HITS1 0.00218
04-09 16:17 TARGCN_2024_04_09_16_02_22 INFO     Epoch 13, MRR 0.00368
04-09 16:17 TARGCN_2024_04_09_16_02_22 INFO     Epoch 13, MAR 3496.48697
04-09 16:17 TARGCN_2024_04_09_16_02_22 INFO     ========BEST MRR=========
04-09 16:17 TARGCN_2024_04_09_16_02_22 INFO     Epoch 13, MRR 0.00368
04-09 16:17 TARGCN_2024_04_09_16_02_22 INFO     Epoch 14: 0.0001976698695216328 Time: 0.1940138339996338
04-09 16:18 TARGCN_2024_04_09_16_02_22 INFO     evaluation time: 46.94995355606079
04-09 16:18 TARGCN_2024_04_09_16_02_22 INFO     ===========RAW===========
04-09 16:18 TARGCN_2024_04_09_16_02_22 INFO     Epoch 14, HITS10 0.0047
04-09 16:18 TARGCN_2024_04_09_16_02_22 INFO     Epoch 14, HITS3 0.00252
04-09 16:18 TARGCN_2024_04_09_16_02_22 INFO     Epoch 14, HITS1 0.00218
04-09 16:18 TARGCN_2024_04_09_16_02_22 INFO     Epoch 14, MRR 0.0037
04-09 16:18 TARGCN_2024_04_09_16_02_22 INFO     Epoch 14, MAR 3499.77335
04-09 16:18 TARGCN_2024_04_09_16_02_22 INFO     =====TIME DEP FILTER=====
04-09 16:18 TARGCN_2024_04_09_16_02_22 INFO     Epoch 14, HITS10 0.0047
04-09 16:18 TARGCN_2024_04_09_16_02_22 INFO     Epoch 14, HITS3 0.00252
04-09 16:18 TARGCN_2024_04_09_16_02_22 INFO     Epoch 14, HITS1 0.00218
04-09 16:18 TARGCN_2024_04_09_16_02_22 INFO     Epoch 14, MRR 0.0037
04-09 16:18 TARGCN_2024_04_09_16_02_22 INFO     Epoch 14, MAR 3499.74449
04-09 16:18 TARGCN_2024_04_09_16_02_22 INFO     ====TIME INDEP FILTER====
04-09 16:18 TARGCN_2024_04_09_16_02_22 INFO     Epoch 14, HITS10 0.0047
04-09 16:18 TARGCN_2024_04_09_16_02_22 INFO     Epoch 14, HITS3 0.00252
04-09 16:18 TARGCN_2024_04_09_16_02_22 INFO     Epoch 14, HITS1 0.00218
04-09 16:18 TARGCN_2024_04_09_16_02_22 INFO     Epoch 14, MRR 0.0037
04-09 16:18 TARGCN_2024_04_09_16_02_22 INFO     Epoch 14, MAR 3496.96214
04-09 16:18 TARGCN_2024_04_09_16_02_22 INFO     ========BEST MRR=========
04-09 16:18 TARGCN_2024_04_09_16_02_22 INFO     Epoch 14, MRR 0.0037
04-09 16:18 TARGCN_2024_04_09_16_02_22 INFO     Epoch 15: 0.00012041451554978266 Time: 0.22495436668395996
04-09 16:19 TARGCN_2024_04_09_16_02_22 INFO     evaluation time: 50.1902437210083
04-09 16:19 TARGCN_2024_04_09_16_02_22 INFO     ===========RAW===========
04-09 16:19 TARGCN_2024_04_09_16_02_22 INFO     Epoch 15, HITS10 0.00475
04-09 16:19 TARGCN_2024_04_09_16_02_22 INFO     Epoch 15, HITS3 0.00252
04-09 16:19 TARGCN_2024_04_09_16_02_22 INFO     Epoch 15, HITS1 0.00224
04-09 16:19 TARGCN_2024_04_09_16_02_22 INFO     Epoch 15, MRR 0.00371
04-09 16:19 TARGCN_2024_04_09_16_02_22 INFO     Epoch 15, MAR 3502.14417
04-09 16:19 TARGCN_2024_04_09_16_02_22 INFO     =====TIME DEP FILTER=====
04-09 16:19 TARGCN_2024_04_09_16_02_22 INFO     Epoch 15, HITS10 0.00475
04-09 16:19 TARGCN_2024_04_09_16_02_22 INFO     Epoch 15, HITS3 0.00252
04-09 16:19 TARGCN_2024_04_09_16_02_22 INFO     Epoch 15, HITS1 0.00224
04-09 16:19 TARGCN_2024_04_09_16_02_22 INFO     Epoch 15, MRR 0.00371
04-09 16:19 TARGCN_2024_04_09_16_02_22 INFO     Epoch 15, MAR 3502.11542
04-09 16:19 TARGCN_2024_04_09_16_02_22 INFO     ====TIME INDEP FILTER====
04-09 16:19 TARGCN_2024_04_09_16_02_22 INFO     Epoch 15, HITS10 0.00475
04-09 16:19 TARGCN_2024_04_09_16_02_22 INFO     Epoch 15, HITS3 0.00252
04-09 16:19 TARGCN_2024_04_09_16_02_22 INFO     Epoch 15, HITS1 0.00224
04-09 16:19 TARGCN_2024_04_09_16_02_22 INFO     Epoch 15, MRR 0.00371
04-09 16:19 TARGCN_2024_04_09_16_02_22 INFO     Epoch 15, MAR 3499.33044
04-09 16:19 TARGCN_2024_04_09_16_02_22 INFO     ========BEST MRR=========
04-09 16:19 TARGCN_2024_04_09_16_02_22 INFO     Epoch 15, MRR 0.00371
04-09 16:19 TARGCN_2024_04_09_16_02_22 INFO     Epoch 16: 8.286209049401805e-05 Time: 0.1949472427368164
04-09 16:20 TARGCN_2024_04_09_16_02_22 INFO     evaluation time: 54.34982109069824
04-09 16:20 TARGCN_2024_04_09_16_02_22 INFO     ===========RAW===========
04-09 16:20 TARGCN_2024_04_09_16_02_22 INFO     Epoch 16, HITS10 0.0047
04-09 16:20 TARGCN_2024_04_09_16_02_22 INFO     Epoch 16, HITS3 0.00252
04-09 16:20 TARGCN_2024_04_09_16_02_22 INFO     Epoch 16, HITS1 0.00224
04-09 16:20 TARGCN_2024_04_09_16_02_22 INFO     Epoch 16, MRR 0.00371
04-09 16:20 TARGCN_2024_04_09_16_02_22 INFO     Epoch 16, MAR 3505.07046
04-09 16:20 TARGCN_2024_04_09_16_02_22 INFO     =====TIME DEP FILTER=====
04-09 16:20 TARGCN_2024_04_09_16_02_22 INFO     Epoch 16, HITS10 0.0047
04-09 16:20 TARGCN_2024_04_09_16_02_22 INFO     Epoch 16, HITS3 0.00252
04-09 16:20 TARGCN_2024_04_09_16_02_22 INFO     Epoch 16, HITS1 0.00224
04-09 16:20 TARGCN_2024_04_09_16_02_22 INFO     Epoch 16, MRR 0.00371
04-09 16:20 TARGCN_2024_04_09_16_02_22 INFO     Epoch 16, MAR 3505.04144
04-09 16:20 TARGCN_2024_04_09_16_02_22 INFO     ====TIME INDEP FILTER====
04-09 16:20 TARGCN_2024_04_09_16_02_22 INFO     Epoch 16, HITS10 0.0047
04-09 16:20 TARGCN_2024_04_09_16_02_22 INFO     Epoch 16, HITS3 0.00252
04-09 16:20 TARGCN_2024_04_09_16_02_22 INFO     Epoch 16, HITS1 0.00224
04-09 16:20 TARGCN_2024_04_09_16_02_22 INFO     Epoch 16, MRR 0.00371
04-09 16:20 TARGCN_2024_04_09_16_02_22 INFO     Epoch 16, MAR 3502.24992
04-09 16:20 TARGCN_2024_04_09_16_02_22 INFO     ========BEST MRR=========
04-09 16:20 TARGCN_2024_04_09_16_02_22 INFO     Epoch 16, MRR 0.00371
04-09 16:20 TARGCN_2024_04_09_16_02_22 INFO     Epoch 17: 5.9887337556574494e-05 Time: 0.19266343116760254
04-09 16:20 TARGCN_2024_04_09_16_02_22 INFO     evaluation time: 56.00868344306946
04-09 16:20 TARGCN_2024_04_09_16_02_22 INFO     ===========RAW===========
04-09 16:20 TARGCN_2024_04_09_16_02_22 INFO     Epoch 17, HITS10 0.00459
04-09 16:20 TARGCN_2024_04_09_16_02_22 INFO     Epoch 17, HITS3 0.00257
04-09 16:20 TARGCN_2024_04_09_16_02_22 INFO     Epoch 17, HITS1 0.00224
04-09 16:20 TARGCN_2024_04_09_16_02_22 INFO     Epoch 17, MRR 0.00371
04-09 16:20 TARGCN_2024_04_09_16_02_22 INFO     Epoch 17, MAR 3507.69327
04-09 16:20 TARGCN_2024_04_09_16_02_22 INFO     =====TIME DEP FILTER=====
04-09 16:20 TARGCN_2024_04_09_16_02_22 INFO     Epoch 17, HITS10 0.00459
04-09 16:20 TARGCN_2024_04_09_16_02_22 INFO     Epoch 17, HITS3 0.00257
04-09 16:20 TARGCN_2024_04_09_16_02_22 INFO     Epoch 17, HITS1 0.00224
04-09 16:20 TARGCN_2024_04_09_16_02_22 INFO     Epoch 17, MRR 0.00371
04-09 16:20 TARGCN_2024_04_09_16_02_22 INFO     Epoch 17, MAR 3507.66458
04-09 16:20 TARGCN_2024_04_09_16_02_22 INFO     ====TIME INDEP FILTER====
04-09 16:20 TARGCN_2024_04_09_16_02_22 INFO     Epoch 17, HITS10 0.00459
04-09 16:20 TARGCN_2024_04_09_16_02_22 INFO     Epoch 17, HITS3 0.00257
04-09 16:20 TARGCN_2024_04_09_16_02_22 INFO     Epoch 17, HITS1 0.00224
04-09 16:20 TARGCN_2024_04_09_16_02_22 INFO     Epoch 17, MRR 0.00371
04-09 16:20 TARGCN_2024_04_09_16_02_22 INFO     Epoch 17, MAR 3504.86372
04-09 16:20 TARGCN_2024_04_09_16_02_22 INFO     ========BEST MRR=========
04-09 16:20 TARGCN_2024_04_09_16_02_22 INFO     Epoch 17, MRR 0.00371
04-09 16:20 TARGCN_2024_04_09_16_02_22 INFO     Epoch 18: 4.50942970928736e-05 Time: 0.20444393157958984
04-09 16:22 TARGCN_2024_04_09_16_02_22 INFO     evaluation time: 102.94512438774109
04-09 16:22 TARGCN_2024_04_09_16_02_22 INFO     ===========RAW===========
04-09 16:22 TARGCN_2024_04_09_16_02_22 INFO     Epoch 18, HITS10 0.00481
04-09 16:22 TARGCN_2024_04_09_16_02_22 INFO     Epoch 18, HITS3 0.00257
04-09 16:22 TARGCN_2024_04_09_16_02_22 INFO     Epoch 18, HITS1 0.00224
04-09 16:22 TARGCN_2024_04_09_16_02_22 INFO     Epoch 18, MRR 0.00373
04-09 16:22 TARGCN_2024_04_09_16_02_22 INFO     Epoch 18, MAR 3510.42451
04-09 16:22 TARGCN_2024_04_09_16_02_22 INFO     =====TIME DEP FILTER=====
04-09 16:22 TARGCN_2024_04_09_16_02_22 INFO     Epoch 18, HITS10 0.00481
04-09 16:22 TARGCN_2024_04_09_16_02_22 INFO     Epoch 18, HITS3 0.00257
04-09 16:22 TARGCN_2024_04_09_16_02_22 INFO     Epoch 18, HITS1 0.00224
04-09 16:22 TARGCN_2024_04_09_16_02_22 INFO     Epoch 18, MRR 0.00373
04-09 16:22 TARGCN_2024_04_09_16_02_22 INFO     Epoch 18, MAR 3510.39571
04-09 16:22 TARGCN_2024_04_09_16_02_22 INFO     ====TIME INDEP FILTER====
04-09 16:22 TARGCN_2024_04_09_16_02_22 INFO     Epoch 18, HITS10 0.00481
04-09 16:22 TARGCN_2024_04_09_16_02_22 INFO     Epoch 18, HITS3 0.00257
04-09 16:22 TARGCN_2024_04_09_16_02_22 INFO     Epoch 18, HITS1 0.00224
04-09 16:22 TARGCN_2024_04_09_16_02_22 INFO     Epoch 18, MRR 0.00373
04-09 16:22 TARGCN_2024_04_09_16_02_22 INFO     Epoch 18, MAR 3507.58316
04-09 16:22 TARGCN_2024_04_09_16_02_22 INFO     ========BEST MRR=========
04-09 16:22 TARGCN_2024_04_09_16_02_22 INFO     Epoch 18, MRR 0.00373
04-09 16:22 TARGCN_2024_04_09_16_02_22 INFO     Epoch 19: 3.535237192409113e-05 Time: 0.21025466918945312
